2020-02-10 10:41:25,631: Running Lutris 0.5.4
2020-02-10 10:41:25,632: Using NVIDIA drivers 440.48.02 for x86_64
2020-02-10 10:41:25,637: GPU: GeForce GTX 1060 6GB
2020-02-10 10:41:25,638: GPU: 10DE:1C03 10DE:11D7 using nvidia drivers
2020-02-10 10:41:25,670: Vulkan is supported
2020-02-10 10:41:25,671: Updating DXVK versions
2020-02-10 10:41:26,178: Updating D9VK versions
Exception ignored in: <function InputDevice.__del__ at 0x7f8bffbb1790>
Traceback (most recent call last):
  File "/usr/lib/python3.8/site-packages/evdev/device.py", line 159, in __del__
    self.close()
  File "/usr/lib/python3.8/site-packages/evdev/device.py", line 304, in close
    super().close()
  File "/usr/lib/python3.8/site-packages/evdev/eventio_async.py", line 54, in close
    loop = asyncio.get_event_loop()
  File "/usr/lib/python3.8/asyncio/events.py", line 639, in get_event_loop
    raise RuntimeError('There is no current event loop in thread %r.'
RuntimeError: There is no current event loop in thread 'Thread-5'.
Exception ignored in: <function InputDevice.__del__ at 0x7f8bffbb1790>
Traceback (most recent call last):
  File "/usr/lib/python3.8/site-packages/evdev/device.py", line 159, in __del__
    self.close()
  File "/usr/lib/python3.8/site-packages/evdev/device.py", line 304, in close
    super().close()
  File "/usr/lib/python3.8/site-packages/evdev/eventio_async.py", line 54, in close
    loop = asyncio.get_event_loop()
  File "/usr/lib/python3.8/asyncio/events.py", line 639, in get_event_loop
    raise RuntimeError('There is no current event loop in thread %r.'
RuntimeError: There is no current event loop in thread 'Thread-5'.
2020-02-10 10:41:26,505: Replacing /home/ninelore/Games/battlenet/drive_c/windows/system32/dxgi with DXVK version
2020-02-10 10:41:26,506: Replacing /home/ninelore/Games/battlenet/drive_c/windows/system32/d3d11 with DXVK version
2020-02-10 10:41:26,506: Replacing /home/ninelore/Games/battlenet/drive_c/windows/system32/d3d10core with DXVK version
2020-02-10 10:41:26,506: Replacing /home/ninelore/Games/battlenet/drive_c/windows/system32/d3d10_1 with DXVK version
2020-02-10 10:41:26,507: Replacing /home/ninelore/Games/battlenet/drive_c/windows/system32/d3d10 with DXVK version
2020-02-10 10:41:26,507: Removing DXVK dll /home/ninelore/Games/battlenet/drive_c/windows/system32/d3d9
2020-02-10 10:41:26,507: Replacing /home/ninelore/Games/battlenet/drive_c/windows/syswow64/dxgi with DXVK version
2020-02-10 10:41:26,508: Replacing /home/ninelore/Games/battlenet/drive_c/windows/syswow64/d3d11 with DXVK version
2020-02-10 10:41:26,508: Replacing /home/ninelore/Games/battlenet/drive_c/windows/syswow64/d3d10core with DXVK version
2020-02-10 10:41:26,508: Replacing /home/ninelore/Games/battlenet/drive_c/windows/syswow64/d3d10_1 with DXVK version
2020-02-10 10:41:26,508: Replacing /home/ninelore/Games/battlenet/drive_c/windows/syswow64/d3d10 with DXVK version
2020-02-10 10:41:26,509: Removing DXVK dll /home/ninelore/Games/battlenet/drive_c/windows/syswow64/d3d9
Running /home/ninelore/.local/share/lutris/runners/wine/lutris-5.0-x86_64/bin/wine /home/ninelore/Games/battlenet/drive_c/Program Files (x86)/Battle.net/Battle.net.exe
esync: up and running.
info:  Game: Battle.net.exe
info:  DXVK: v1.3.3
info:  Found config file: /home/ninelore/Games/battlenet/dxvk.conf
info:  Effective configuration:
info:    dxgi.nvapiHack = False
warn:  OpenVR: Failed to locate module
info:  Enabled instance extensions:
info:    VK_KHR_get_physical_device_properties2
info:    VK_KHR_surface
info:    VK_KHR_win32_surface
info:  GeForce GTX 1060 6GB:
info:    Driver: 440.48.2
info:    Vulkan: 1.2.131
info:    Memory Heap[0]: 
info:      Size: 6144 MiB
info:      Flags: 0x1
info:      Memory Type[7]: Property Flags = 0x1
info:      Memory Type[8]: Property Flags = 0x1
info:    Memory Heap[1]: 
info:      Size: 12059 MiB
info:      Flags: 0x0
info:      Memory Type[0]: Property Flags = 0x0
info:      Memory Type[1]: Property Flags = 0x0
info:      Memory Type[2]: Property Flags = 0x0
info:      Memory Type[3]: Property Flags = 0x0
info:      Memory Type[4]: Property Flags = 0x0
info:      Memory Type[5]: Property Flags = 0x0
info:      Memory Type[6]: Property Flags = 0x0
info:      Memory Type[9]: Property Flags = 0x6
info:      Memory Type[10]: Property Flags = 0xe
info:  D3D11CoreCreateDevice: Probing D3D_FEATURE_LEVEL_11_1
info:  D3D11CoreCreateDevice: Using feature level D3D_FEATURE_LEVEL_11_1
info:  Device properties:
info:    Device name:     : GeForce GTX 1060 6GB
info:    Driver version   : 440.48.2
info:  Enabled device extensions:
info:    VK_EXT_conditional_rendering
info:    VK_EXT_depth_clip_enable
info:    VK_EXT_host_query_reset
info:    VK_EXT_shader_demote_to_helper_invocation
info:    VK_EXT_shader_viewport_index_layer
info:    VK_EXT_transform_feedback
info:    VK_EXT_vertex_attribute_divisor
info:    VK_KHR_create_renderpass2
info:    VK_KHR_dedicated_allocation
info:    VK_KHR_depth_stencil_resolve
info:    VK_KHR_descriptor_update_template
info:    VK_KHR_draw_indirect_count
info:    VK_KHR_driver_properties
info:    VK_KHR_get_memory_requirements2
info:    VK_KHR_image_format_list
info:    VK_KHR_maintenance1
info:    VK_KHR_maintenance2
info:    VK_KHR_sampler_mirror_clamp_to_edge
info:    VK_KHR_shader_draw_parameters
info:    VK_KHR_swapchain
info:  Device features:
info:    robustBufferAccess                     : 1
info:    fullDrawIndexUint32                    : 1
info:    imageCubeArray                         : 1
info:    independentBlend                       : 1
info:    geometryShader                         : 1
info:    tessellationShader                     : 1
info:    sampleRateShading                      : 1
info:    dualSrcBlend                           : 1
info:    logicOp                                : 1
info:    multiDrawIndirect                      : 1
info:    drawIndirectFirstInstance              : 1
info:    depthClamp                             : 1
info:    depthBiasClamp                         : 1
info:    fillModeNonSolid                       : 1
info:    depthBounds                            : 1
info:    multiViewport                          : 1
info:    samplerAnisotropy                      : 1
info:    textureCompressionBC                   : 1
info:    occlusionQueryPrecise                  : 1
info:    pipelineStatisticsQuery                : 1
info:    vertexPipelineStoresAndAtomics         : 1
info:    fragmentStoresAndAtomics               : 1
info:    shaderImageGatherExtended              : 1
info:    shaderStorageImageExtendedFormats      : 1
info:    shaderStorageImageReadWithoutFormat    : 0
info:    shaderStorageImageWriteWithoutFormat   : 1
info:    shaderClipDistance                     : 1
info:    shaderCullDistance                     : 1
info:    shaderFloat64                          : 1
info:    shaderInt64                            : 1
info:    variableMultisampleRate                : 1
info:  VK_EXT_conditional_rendering
info:    conditionalRendering                   : 1
info:  VK_EXT_depth_clip_enable
info:    depthClipEnable                        : 1
info:  VK_EXT_host_query_reset
info:    hostQueryReset                         : 1
info:  VK_EXT_memory_priority
info:    memoryPriority                         : 0
info:  VK_EXT_shader_demote_to_helper_invocation
info:    shaderDemoteToHelperInvocation         : 1
info:  VK_EXT_transform_feedback
info:    transformFeedback                      : 1
info:    geometryStreams                        : 1
info:  VK_EXT_vertex_attribute_divisor
info:    vertexAttributeInstanceRateDivisor     : 1
info:    vertexAttributeInstanceRateZeroDivisor : 1
info:  Queue families:
info:    Graphics : 0
info:    Transfer : 1
warn:  DXVK: State cache entry size changed
warn:  DXVK: Creating new state cache file
info:  DXVK: Using 16 compiler threads
[0210/104133.199:ERROR:network_change_notifier_win.cc(156)] WSALookupServiceBegin failed with: 0
info:  Game: Battle.net.exe
info:  DXVK: v1.3.3
info:  Found config file: /home/ninelore/Games/battlenet/dxvk.conf
info:  Effective configuration:
info:    dxgi.nvapiHack = False
warn:  OpenVR: Failed to locate module
info:  Enabled instance extensions:
info:    VK_KHR_get_physical_device_properties2
info:    VK_KHR_surface
info:    VK_KHR_win32_surface
info:  GeForce GTX 1060 6GB:
info:    Driver: 440.48.2
info:    Vulkan: 1.2.131
info:    Memory Heap[0]: 
info:      Size: 6144 MiB
info:      Flags: 0x1
info:      Memory Type[7]: Property Flags = 0x1
info:      Memory Type[8]: Property Flags = 0x1
info:    Memory Heap[1]: 
info:      Size: 12059 MiB
info:      Flags: 0x0
info:      Memory Type[0]: Property Flags = 0x0
info:      Memory Type[1]: Property Flags = 0x0
info:      Memory Type[2]: Property Flags = 0x0
info:      Memory Type[3]: Property Flags = 0x0
info:      Memory Type[4]: Property Flags = 0x0
info:      Memory Type[5]: Property Flags = 0x0
info:      Memory Type[6]: Property Flags = 0x0
info:      Memory Type[9]: Property Flags = 0x6
info:      Memory Type[10]: Property Flags = 0xe
info:  D3D11CoreCreateDevice: Probing D3D_FEATURE_LEVEL_11_1
info:  D3D11CoreCreateDevice: Using feature level D3D_FEATURE_LEVEL_11_1
info:  Device properties:
info:    Device name:     : GeForce GTX 1060 6GB
info:    Driver version   : 440.48.2
info:  Enabled device extensions:
info:    VK_EXT_conditional_rendering
info:    VK_EXT_depth_clip_enable
info:    VK_EXT_host_query_reset
info:    VK_EXT_shader_demote_to_helper_invocation
info:    VK_EXT_shader_viewport_index_layer
info:    VK_EXT_transform_feedback
info:    VK_EXT_vertex_attribute_divisor
info:    VK_KHR_create_renderpass2
info:    VK_KHR_dedicated_allocation
info:    VK_KHR_depth_stencil_resolve
info:    VK_KHR_descriptor_update_template
info:    VK_KHR_draw_indirect_count
info:    VK_KHR_driver_properties
info:    VK_KHR_get_memory_requirements2
info:    VK_KHR_image_format_list
info:    VK_KHR_maintenance1
info:    VK_KHR_maintenance2
info:    VK_KHR_sampler_mirror_clamp_to_edge
info:    VK_KHR_shader_draw_parameters
info:    VK_KHR_swapchain
info:  Device features:
info:    robustBufferAccess                     : 1
info:    fullDrawIndexUint32                    : 1
info:    imageCubeArray                         : 1
info:    independentBlend                       : 1
info:    geometryShader                         : 1
info:    tessellationShader                     : 1
info:    sampleRateShading                      : 1
info:    dualSrcBlend                           : 1
info:    logicOp                                : 1
info:    multiDrawIndirect                      : 1
info:    drawIndirectFirstInstance              : 1
info:    depthClamp                             : 1
info:    depthBiasClamp                         : 1
info:    fillModeNonSolid                       : 1
info:    depthBounds                            : 1
info:    multiViewport                          : 1
info:    samplerAnisotropy                      : 1
info:    textureCompressionBC                   : 1
info:    occlusionQueryPrecise                  : 1
info:    pipelineStatisticsQuery                : 1
info:    vertexPipelineStoresAndAtomics         : 1
info:    fragmentStoresAndAtomics               : 1
info:    shaderImageGatherExtended              : 1
info:    shaderStorageImageExtendedFormats      : 1
info:    shaderStorageImageReadWithoutFormat    : 0
info:    shaderStorageImageWriteWithoutFormat   : 1
info:    shaderClipDistance                     : 1
info:    shaderCullDistance                     : 1
info:    shaderFloat64                          : 1
info:    shaderInt64                            : 1
info:    variableMultisampleRate                : 1
info:  VK_EXT_conditional_rendering
info:    conditionalRendering                   : 1
info:  VK_EXT_depth_clip_enable
info:    depthClipEnable                        : 1
info:  VK_EXT_host_query_reset
info:    hostQueryReset                         : 1
info:  VK_EXT_memory_priority
info:    memoryPriority                         : 0
info:  VK_EXT_shader_demote_to_helper_invocation
info:    shaderDemoteToHelperInvocation         : 1
info:  VK_EXT_transform_feedback
info:    transformFeedback                      : 1
info:    geometryStreams                        : 1
info:  VK_EXT_vertex_attribute_divisor
info:    vertexAttributeInstanceRateDivisor     : 1
info:    vertexAttributeInstanceRateZeroDivisor : 1
info:  Queue families:
info:    Graphics : 0
info:    Transfer : 1
info:  DXVK: Read 0 valid state cache entries
info:  DXVK: Using 16 compiler threads
warn:  D3D11DeviceContext::QueryInterface: Unknown interface query
warn:  b4e3c01d-e79e-4637-91b2-510e9f4c9b8f
err:   DXGI: CheckInterfaceSupport: Unsupported interface
err:   54ec77fa-1377-44e6-8c32-88fd5f44c84c
[0210/104134.586:ERROR:angle_platform_impl.cc(47)] rx::Renderer11::populateRenderer11DeviceCaps(886): Error querying driver version from DXGI Adapter.
warn:  D3D11Device::GetDeviceRemovedReason: Stub
[0210/104135.094:ERROR:mf_helpers.cc(14)] Error in dxva_video_decode_accelerator_win.cc on line 373
info:  Game: Battle.net.exe
info:  DXVK: v1.3.3
info:  Found config file: /home/ninelore/Games/battlenet/dxvk.conf
info:  Effective configuration:
info:    dxgi.nvapiHack = False
warn:  OpenVR: Failed to locate module
info:  Enabled instance extensions:
info:    VK_KHR_get_physical_device_properties2
info:    VK_KHR_surface
info:    VK_KHR_win32_surface
info:  GeForce GTX 1060 6GB:
info:    Driver: 440.48.2
info:    Vulkan: 1.2.131
info:    Memory Heap[0]: 
info:      Size: 6144 MiB
info:      Flags: 0x1
info:      Memory Type[7]: Property Flags = 0x1
info:      Memory Type[8]: Property Flags = 0x1
info:    Memory Heap[1]: 
info:      Size: 12059 MiB
info:      Flags: 0x0
info:      Memory Type[0]: Property Flags = 0x0
info:      Memory Type[1]: Property Flags = 0x0
info:      Memory Type[2]: Property Flags = 0x0
info:      Memory Type[3]: Property Flags = 0x0
info:      Memory Type[4]: Property Flags = 0x0
info:      Memory Type[5]: Property Flags = 0x0
info:      Memory Type[6]: Property Flags = 0x0
info:      Memory Type[9]: Property Flags = 0x6
info:      Memory Type[10]: Property Flags = 0xe
info:  D3D11CoreCreateDevice: Probing D3D_FEATURE_LEVEL_11_1
info:  D3D11CoreCreateDevice: Using feature level D3D_FEATURE_LEVEL_11_1
info:  Device properties:
info:    Device name:     : GeForce GTX 1060 6GB
info:    Driver version   : 440.48.2
info:  Enabled device extensions:
info:    VK_EXT_conditional_rendering
info:    VK_EXT_depth_clip_enable
info:    VK_EXT_host_query_reset
info:    VK_EXT_shader_demote_to_helper_invocation
info:    VK_EXT_shader_viewport_index_layer
info:    VK_EXT_transform_feedback
info:    VK_EXT_vertex_attribute_divisor
info:    VK_KHR_create_renderpass2
info:    VK_KHR_dedicated_allocation
info:    VK_KHR_depth_stencil_resolve
info:    VK_KHR_descriptor_update_template
info:    VK_KHR_draw_indirect_count
info:    VK_KHR_driver_properties
info:    VK_KHR_get_memory_requirements2
info:    VK_KHR_image_format_list
info:    VK_KHR_maintenance1
info:    VK_KHR_maintenance2
info:    VK_KHR_sampler_mirror_clamp_to_edge
info:    VK_KHR_shader_draw_parameters
info:    VK_KHR_swapchain
info:  Device features:
info:    robustBufferAccess                     : 1
info:    fullDrawIndexUint32                    : 1
info:    imageCubeArray                         : 1
info:    independentBlend                       : 1
info:    geometryShader                         : 1
info:    tessellationShader                     : 1
info:    sampleRateShading                      : 1
info:    dualSrcBlend                           : 1
info:    logicOp                                : 1
info:    multiDrawIndirect                      : 1
info:    drawIndirectFirstInstance              : 1
info:    depthClamp                             : 1
info:    depthBiasClamp                         : 1
info:    fillModeNonSolid                       : 1
info:    depthBounds                            : 1
info:    multiViewport                          : 1
info:    samplerAnisotropy                      : 1
info:    textureCompressionBC                   : 1
info:    occlusionQueryPrecise                  : 1
info:    pipelineStatisticsQuery                : 1
info:    vertexPipelineStoresAndAtomics         : 1
info:    fragmentStoresAndAtomics               : 1
info:    shaderImageGatherExtended              : 1
info:    shaderStorageImageExtendedFormats      : 1
info:    shaderStorageImageReadWithoutFormat    : 0
info:    shaderStorageImageWriteWithoutFormat   : 1
info:    shaderClipDistance                     : 1
info:    shaderCullDistance                     : 1
info:    shaderFloat64                          : 1
info:    shaderInt64                            : 1
info:    variableMultisampleRate                : 1
info:  VK_EXT_conditional_rendering
info:    conditionalRendering                   : 1
info:  VK_EXT_depth_clip_enable
info:    depthClipEnable                        : 1
info:  VK_EXT_host_query_reset
info:    hostQueryReset                         : 1
info:  VK_EXT_memory_priority
info:    memoryPriority                         : 0
info:  VK_EXT_shader_demote_to_helper_invocation
info:    shaderDemoteToHelperInvocation         : 1
info:  VK_EXT_transform_feedback
info:    transformFeedback                      : 1
info:    geometryStreams                        : 1
info:  VK_EXT_vertex_attribute_divisor
info:    vertexAttributeInstanceRateDivisor     : 1
info:    vertexAttributeInstanceRateZeroDivisor : 1
info:  Queue families:
info:    Graphics : 0
info:    Transfer : 1
info:  DXVK: Read 0 valid state cache entries
info:  DXVK: Using 16 compiler threads
warn:  D3D11DeviceContext::QueryInterface: Unknown interface query
warn:  b4e3c01d-e79e-4637-91b2-510e9f4c9b8f
err:   DXGI: CheckInterfaceSupport: Unsupported interface
err:   54ec77fa-1377-44e6-8c32-88fd5f44c84c
warn:  D3D11Device::GetDeviceRemovedReason: Stub
err:   D3D11DXGIResource::GetSharedHandle: Stub
warn:  D3D11Texture2D::QueryInterface: Unknown interface query
warn:  9d8e1289-d7b3-465f-8126-250e349af85d
info:  Presenter: Actual swap chain properties:
info:    Format:       VK_FORMAT_B8G8R8A8_UNORM
info:    Present mode: VK_PRESENT_MODE_IMMEDIATE_KHR
info:    Buffer size:  104x1
info:    Image count:  2
warn:  DXGI: MakeWindowAssociation: Ignoring flags
warn:  D3D11Texture2D::QueryInterface: Unknown interface query
warn:  9d8e1289-d7b3-465f-8126-250e349af85d
err:   D3D11DXGIResource::GetSharedHandle: Stub
warn:  D3D11Texture2D::QueryInterface: Unknown interface query
warn:  9d8e1289-d7b3-465f-8126-250e349af85d
info:  Presenter: Actual swap chain properties:
info:    Format:       VK_FORMAT_B8G8R8A8_UNORM
info:    Present mode: VK_PRESENT_MODE_IMMEDIATE_KHR
info:    Buffer size:  1906x1085
info:    Image count:  2
warn:  DXGI: MakeWindowAssociation: Ignoring flags
warn:  D3D11Texture2D::QueryInterface: Unknown interface query
warn:  9d8e1289-d7b3-465f-8126-250e349af85d
warn:  D3D11Texture2D::QueryInterface: Unknown interface query
warn:  f8fb5c27-c6b3-4f75-a4c8-439af2ef564c
warn:  D3D11Texture2D::QueryInterface: Unknown interface query
warn:  f8fb5c27-c6b3-4f75-a4c8-439af2ef564c
warn:  D3D11Texture2D::QueryInterface: Unknown interface query
warn:  f8fb5c27-c6b3-4f75-a4c8-439af2ef564c
warn:  D3D11Texture2D::QueryInterface: Unknown interface query
warn:  f8fb5c27-c6b3-4f75-a4c8-439af2ef564c
warn:  D3D11Texture2D::QueryInterface: Unknown interface query
warn:  f8fb5c27-c6b3-4f75-a4c8-439af2ef564c
warn:  D3D11Texture2D::QueryInterface: Unknown interface query
warn:  f8fb5c27-c6b3-4f75-a4c8-439af2ef564c
warn:  D3D11Texture2D::QueryInterface: Unknown interface query
warn:  f8fb5c27-c6b3-4f75-a4c8-439af2ef564c
warn:  D3D11Texture2D::QueryInterface: Unknown interface query
warn:  f8fb5c27-c6b3-4f75-a4c8-439af2ef564c
warn:  D3D11Texture2D::QueryInterface: Unknown interface query
warn:  f8fb5c27-c6b3-4f75-a4c8-439af2ef564c
warn:  D3D11Texture2D::QueryInterface: Unknown interface query
warn:  f8fb5c27-c6b3-4f75-a4c8-439af2ef564c
warn:  D3D11Texture2D::QueryInterface: Unknown interface query
warn:  f8fb5c27-c6b3-4f75-a4c8-439af2ef564c
warn:  D3D11Texture2D::QueryInterface: Unknown interface query
warn:  f8fb5c27-c6b3-4f75-a4c8-439af2ef564c
warn:  D3D11Texture2D::QueryInterface: Unknown interface query
warn:  f8fb5c27-c6b3-4f75-a4c8-439af2ef564c
warn:  D3D11Texture2D::QueryInterface: Unknown interface query
warn:  f8fb5c27-c6b3-4f75-a4c8-439af2ef564c
warn:  D3D11Texture2D::QueryInterface: Unknown interface query
warn:  f8fb5c27-c6b3-4f75-a4c8-439af2ef564c
warn:  D3D11Texture2D::QueryInterface: Unknown interface query
warn:  f8fb5c27-c6b3-4f75-a4c8-439af2ef564c
warn:  D3D11Texture2D::QueryInterface: Unknown interface query
warn:  f8fb5c27-c6b3-4f75-a4c8-439af2ef564c
warn:  D3D11Texture2D::QueryInterface: Unknown interface query
warn:  f8fb5c27-c6b3-4f75-a4c8-439af2ef564c
warn:  D3D11Texture2D::QueryInterface: Unknown interface query
warn:  f8fb5c27-c6b3-4f75-a4c8-439af2ef564c
warn:  D3D11Texture2D::QueryInterface: Unknown interface query
warn:  f8fb5c27-c6b3-4f75-a4c8-439af2ef564c
warn:  D3D11Texture2D::QueryInterface: Unknown interface query
warn:  f8fb5c27-c6b3-4f75-a4c8-439af2ef564c
warn:  D3D11Texture2D::QueryInterface: Unknown interface query
warn:  f8fb5c27-c6b3-4f75-a4c8-439af2ef564c
warn:  D3D11Texture2D::QueryInterface: Unknown interface query
warn:  f8fb5c27-c6b3-4f75-a4c8-439af2ef564c
warn:  D3D11Texture2D::QueryInterface: Unknown interface query
warn:  f8fb5c27-c6b3-4f75-a4c8-439af2ef564c
warn:  D3D11Texture2D::QueryInterface: Unknown interface query
warn:  f8fb5c27-c6b3-4f75-a4c8-439af2ef564c
warn:  D3D11Texture2D::QueryInterface: Unknown interface query
warn:  f8fb5c27-c6b3-4f75-a4c8-439af2ef564c
warn:  D3D11Texture2D::QueryInterface: Unknown interface query
warn:  f8fb5c27-c6b3-4f75-a4c8-439af2ef564c
warn:  D3D11Texture2D::QueryInterface: Unknown interface query
warn:  f8fb5c27-c6b3-4f75-a4c8-439af2ef564c
warn:  D3D11Texture2D::QueryInterface: Unknown interface query
warn:  f8fb5c27-c6b3-4f75-a4c8-439af2ef564c
warn:  D3D11Texture2D::QueryInterface: Unknown interface query
warn:  f8fb5c27-c6b3-4f75-a4c8-439af2ef564c
warn:  D3D11Texture2D::QueryInterface: Unknown interface query
warn:  f8fb5c27-c6b3-4f75-a4c8-439af2ef564c
warn:  D3D11Texture2D::QueryInterface: Unknown interface query
warn:  f8fb5c27-c6b3-4f75-a4c8-439af2ef564c
warn:  D3D11Texture2D::QueryInterface: Unknown interface query
warn:  f8fb5c27-c6b3-4f75-a4c8-439af2ef564c
warn:  D3D11Texture2D::QueryInterface: Unknown interface query
warn:  f8fb5c27-c6b3-4f75-a4c8-439af2ef564c
warn:  D3D11Texture2D::QueryInterface: Unknown interface query
warn:  f8fb5c27-c6b3-4f75-a4c8-439af2ef564c
warn:  D3D11Texture2D::QueryInterface: Unknown interface query
warn:  f8fb5c27-c6b3-4f75-a4c8-439af2ef564c
warn:  D3D11Texture2D::QueryInterface: Unknown interface query
warn:  f8fb5c27-c6b3-4f75-a4c8-439af2ef564c
warn:  D3D11Texture2D::QueryInterface: Unknown interface query
warn:  f8fb5c27-c6b3-4f75-a4c8-439af2ef564c
warn:  D3D11Texture2D::QueryInterface: Unknown interface query
warn:  f8fb5c27-c6b3-4f75-a4c8-439af2ef564c
warn:  D3D11Texture2D::QueryInterface: Unknown interface query
warn:  f8fb5c27-c6b3-4f75-a4c8-439af2ef564c
warn:  D3D11Texture2D::QueryInterface: Unknown interface query
warn:  f8fb5c27-c6b3-4f75-a4c8-439af2ef564c
info:  Presenter: Actual swap chain properties:
info:    Format:       VK_FORMAT_B8G8R8A8_UNORM
info:    Present mode: VK_PRESENT_MODE_FIFO_KHR
info:    Buffer size:  1906x1085
info:    Image count:  3
[0210/104142.169:ERROR:network_change_notifier_win.cc(156)] WSALookupServiceBegin failed with: 0
[0210/104142.256:ERROR:command_buffer_proxy_impl.cc(126)] ContextResult::kTransientFailure: Failed to send GpuChannelMsg_CreateCommandBuffer.
[0210/104143.409:ERROR:mf_video_decoder.cc(747)] Unsupported codec by MfVideoDecoder: 6
[0210/104143.410:ERROR:mf_video_decoder.cc(747)] Unsupported codec by MfVideoDecoder: 6
warn:  D3D11Texture2D::QueryInterface: Unknown interface query
warn:  f8fb5c27-c6b3-4f75-a4c8-439af2ef564c
warn:  D3D11Texture2D::QueryInterface: Unknown interface query
warn:  f8fb5c27-c6b3-4f75-a4c8-439af2ef564c
warn:  D3D11Texture2D::QueryInterface: Unknown interface query
warn:  f8fb5c27-c6b3-4f75-a4c8-439af2ef564c
warn:  D3D11Texture2D::QueryInterface: Unknown interface query
warn:  f8fb5c27-c6b3-4f75-a4c8-439af2ef564c
warn:  D3D11Texture2D::QueryInterface: Unknown interface query
warn:  f8fb5c27-c6b3-4f75-a4c8-439af2ef564c
warn:  D3D11Texture2D::QueryInterface: Unknown interface query
warn:  f8fb5c27-c6b3-4f75-a4c8-439af2ef564c
wine: Read access denied for device L"\\??\\Z:\\", FS volume label and serial are not available.
warn:  D3D11Texture2D::QueryInterface: Unknown interface query
warn:  f8fb5c27-c6b3-4f75-a4c8-439af2ef564c
warn:  D3D11Texture2D::QueryInterface: Unknown interface query
warn:  f8fb5c27-c6b3-4f75-a4c8-439af2ef564c
warn:  D3D11Texture2D::QueryInterface: Unknown interface query
warn:  f8fb5c27-c6b3-4f75-a4c8-439af2ef564c
warn:  D3D11Texture2D::QueryInterface: Unknown interface query
warn:  f8fb5c27-c6b3-4f75-a4c8-439af2ef564c
info:  Presenter: Actual swap chain properties:
info:    Format:       VK_FORMAT_B8G8R8A8_UNORM
info:    Present mode: VK_PRESENT_MODE_FIFO_KHR
info:    Buffer size:  1000x1085
info:    Image count:  3
warn:  D3D11Texture2D::QueryInterface: Unknown interface query
warn:  9d8e1289-d7b3-465f-8126-250e349af85d
info:  Presenter: Actual swap chain properties:
info:    Format:       VK_FORMAT_B8G8R8A8_UNORM
info:    Present mode: VK_PRESENT_MODE_FIFO_KHR
info:    Buffer size:  1000x1085
info:    Image count:  3
info:  Presenter: Actual swap chain properties:
info:    Format:       VK_FORMAT_B8G8R8A8_UNORM
info:    Present mode: VK_PRESENT_MODE_FIFO_KHR
info:    Buffer size:  1906x1085
info:    Image count:  3
warn:  D3D11Texture2D::QueryInterface: Unknown interface query
warn:  9d8e1289-d7b3-465f-8126-250e349af85d
info:  Presenter: Actual swap chain properties:
info:    Format:       VK_FORMAT_B8G8R8A8_UNORM
info:    Present mode: VK_PRESENT_MODE_FIFO_KHR
info:    Buffer size:  1906x1085
info:    Image count:  3
[0210/115800.525:ERROR:mf_video_decoder.cc(747)] Unsupported codec by MfVideoDecoder: 6
[0210/115800.596:ERROR:mf_video_decoder.cc(747)] Unsupported codec by MfVideoDecoder: 6
[0210/115800.803:ERROR:mf_video_decoder.cc(747)] Unsupported codec by MfVideoDecoder: 6
[0210/115800.841:ERROR:mf_video_decoder.cc(747)] Unsupported codec by MfVideoDecoder: 6
warn:  D3D11Texture2D::QueryInterface: Unknown interface query
warn:  f8fb5c27-c6b3-4f75-a4c8-439af2ef564c
warn:  D3D11Texture2D::QueryInterface: Unknown interface query
warn:  f8fb5c27-c6b3-4f75-a4c8-439af2ef564c
warn:  D3D11Texture2D::QueryInterface: Unknown interface query
warn:  f8fb5c27-c6b3-4f75-a4c8-439af2ef564c
warn:  D3D11Texture2D::QueryInterface: Unknown interface query
warn:  f8fb5c27-c6b3-4f75-a4c8-439af2ef564c
[0210/184335.579:ERROR:mf_video_decoder.cc(747)] Unsupported codec by MfVideoDecoder: 6
[0210/184335.596:ERROR:mf_video_decoder.cc(747)] Unsupported codec by MfVideoDecoder: 6
[0210/184335.849:ERROR:mf_video_decoder.cc(747)] Unsupported codec by MfVideoDecoder: 6
[0210/184335.860:ERROR:mf_video_decoder.cc(747)] Unsupported codec by MfVideoDecoder: 6
[0210/184356.809:ERROR:browser_process_sub_thread.cc(221)] Waited 28 ms for network service
Waiting on children
Waiting on children
2020-02-10 18:44:20,732: Unable to read stat for process 62375
2020-02-10 18:44:20,736: Unable to read stat for process 62375
2020-02-10 18:44:20,736: Unable to read stat for process 62377
2020-02-10 18:44:20,736: Unable to read stat for process 62377
Waiting on children
